<?xml version="1.0" encoding="UTF-8"?>
<testng-results skipped="0" failed="1" ignored="0" total="1" passed="0">
  <reporter-output>
  </reporter-output>
  <suite name="Login Sample Android (Multithread)" duration-ms="42318" started-at="2021-07-12T20:15:08 WIB" finished-at="2021-07-12T20:15:51 WIB">
    <groups>
    </groups>
    <test name="IM_AN_Login" duration-ms="42318" started-at="2021-07-12T20:15:08 WIB" finished-at="2021-07-12T20:15:51 WIB">
      <class name="com.test.bukalapak.sampleTestLogin">
        <test-method status="PASS" signature="initDriver(java.lang.String, java.lang.String, java.lang.String, java.lang.String)[pri:0, instance:com.test.bukalapak.sampleTestLogin@711f39f9]" name="initDriver" is-config="true" duration-ms="20061" started-at="2021-07-12T20:15:08 WIB" finished-at="2021-07-12T20:15:29 WIB">
          <params>
            <param index="0">
              <value>
                <![CDATA[ASUS_X00QD]]>
              </value>
            </param>
            <param index="1">
              <value>
                <![CDATA[9]]>
              </value>
            </param>
            <param index="2">
              <value>
                <![CDATA[8202]]>
              </value>
            </param>
            <param index="3">
              <value>
                <![CDATA[J8AXGF02R8077CG]]>
              </value>
            </param>
          </params>
          <reporter-output>
          </reporter-output>
        </test-method> <!-- initDriver -->
        <test-method status="FAIL" signature="Login()[pri:0, instance:com.test.bukalapak.sampleTestLogin@711f39f9]" name="Login" duration-ms="21043" started-at="2021-07-12T20:15:29 WIB" finished-at="2021-07-12T20:15:50 WIB">
          <exception class="java.lang.AssertionError">
            <message>
              <![CDATA[Data is Equals expected [test1234] but found [test7@huy.com]]]>
            </message>
            <full-stacktrace>
              <![CDATA[java.lang.AssertionError: Data is Equals expected [test1234] but found [test7@huy.com]
at org.testng.Assert.fail(Assert.java:97)
at org.testng.Assert.assertEqualsImpl(Assert.java:136)
at org.testng.Assert.assertEquals(Assert.java:118)
at org.testng.Assert.assertEquals(Assert.java:575)
at pageEvents.sampleLogin.login(sampleLogin.java:42)
at com.test.bukalapak.sampleTestLogin.Login(sampleTestLogin.java:13)
at sun.reflect.NativeMethodAccessorImpl.invoke0(Native Method)
at sun.reflect.NativeMethodAccessorImpl.invoke(NativeMethodAccessorImpl.java:62)
at sun.reflect.DelegatingMethodAccessorImpl.invoke(DelegatingMethodAccessorImpl.java:43)
at java.lang.reflect.Method.invoke(Method.java:498)
at org.testng.internal.MethodInvocationHelper.invokeMethod(MethodInvocationHelper.java:134)
at org.testng.internal.TestInvoker.invokeMethod(TestInvoker.java:597)
at org.testng.internal.TestInvoker.invokeTestMethod(TestInvoker.java:173)
at org.testng.internal.MethodRunner.runInSequence(MethodRunner.java:46)
at org.testng.internal.TestInvoker$MethodInvocationAgent.invoke(TestInvoker.java:816)
at org.testng.internal.TestInvoker.invokeTestMethods(TestInvoker.java:146)
at org.testng.internal.TestMethodWorker.invokeTestMethods(TestMethodWorker.java:146)
at org.testng.internal.TestMethodWorker.run(TestMethodWorker.java:128)
at java.util.ArrayList.forEach(ArrayList.java:1257)
at org.testng.TestRunner.privateRun(TestRunner.java:766)
at org.testng.TestRunner.run(TestRunner.java:587)
at org.testng.SuiteRunner.runTest(SuiteRunner.java:384)
at org.testng.SuiteRunner.access$000(SuiteRunner.java:28)
at org.testng.SuiteRunner$SuiteWorker.run(SuiteRunner.java:425)
at org.testng.internal.thread.ThreadUtil.lambda$execute$0(ThreadUtil.java:68)
at java.util.concurrent.FutureTask.run(FutureTask.java:266)
at java.util.concurrent.ThreadPoolExecutor.runWorker(ThreadPoolExecutor.java:1149)
at java.util.concurrent.ThreadPoolExecutor$Worker.run(ThreadPoolExecutor.java:624)
at java.lang.Thread.run(Thread.java:748)
]]>
            </full-stacktrace>
          </exception> <!-- java.lang.AssertionError -->
          <reporter-output>
          </reporter-output>
        </test-method> <!-- Login -->
        <test-method status="PASS" signature="closeDriver()[pri:0, instance:com.test.bukalapak.sampleTestLogin@711f39f9]" name="closeDriver" is-config="true" duration-ms="1130" started-at="2021-07-12T20:15:50 WIB" finished-at="2021-07-12T20:15:51 WIB">
          <reporter-output>
          </reporter-output>
        </test-method> <!-- closeDriver -->
      </class> <!-- com.test.bukalapak.sampleTestLogin -->
    </test> <!-- IM_AN_Login -->
  </suite> <!-- Login Sample Android (Multithread) -->
</testng-results>
